Arguments: 
  /usr/local/bin/node /usr/local/Cellar/yarn/1.5.1_1/libexec/bin/yarn.js install

PATH: 
  /usr/local/bin:/usr/bin:/bin:/usr/sbin:/sbin:/Library/Apple/usr/bin:/Users/dylanjones/flutter/bin

Yarn version: 
  1.5.1

Node version: 
  14.17.0

Platform: 
  darwin x64

npm manifest: 
  {
  	"name": "appkit-ui",
  	"version": "0.1.0",
  	"svelte": "src/index.js",
  	"module": "dist/index.mjs",
  	"main": "dist/index.js",
  	"description": "Appkit UI Library",
  	"homepage": "https://github.com/appkitio/appkit-ui#readme",
  	"repository": {
  		"type": "git",
  		"url": "git+https://github.com/***/***.git"
  	},
  	"author": "",
  	"license": "MIT",
  	"bugs": {
  		"url": "https://github.com/***/***/issues"
  	},
  	"keywords": [
  		"svelte"
  	],
  	"files": [
  		"src",
  		"dist"
  	],
  	"scripts": {
  		"build": "rollup -c",
  		"prepublishOnly": "npm run build",
  		"publish": "npm publish",
  		"test": "jest test",
  		"test:watch": "yarn test -- --watch",
  		"storybook": "start-storybook -p 6006",
  		"build-storybook": "build-storybook -o ./docs",
  		"deploy-storybook": "storybook-to-ghpages"
  	},
  	"devDependencies": {
  		"@babel/core": "^7.14.5",
  		"@babel/preset-env": "^7.14.2",
  		"@rollup/plugin-alias": "^3.1.2",
  		"@rollup/plugin-commonjs": "^19.0.0",
  		"@rollup/plugin-node-resolve": "^13.0.0",
  		"@storybook/addon-actions": "^6.2.9",
  		"@storybook/addon-essentials": "^6.2.9",
  		"@storybook/addon-links": "^6.2.9",
  		"@storybook/addon-postcss": "^2.0.0",
  		"@storybook/addon-svelte-csf": "^1.1.0",
  		"@storybook/builder-webpack5": "^6.2.9",
  		"@storybook/storybook-deployer": "^2.8.8",
  		"@storybook/svelte": "^6.2.9",
  		"@testing-library/jest-dom": "^5.14.0",
  		"@testing-library/svelte": "^3.0.3",
  		"babel-jest": "^27.0.2",
  		"babel-loader": "^8.2.2",
  		"jest": "^27.0.4",
  		"postcss": "^8.3.4",
  		"postcss-load-config": "^3.0.1",
  		"rollup": "^2.51.2",
  		"rollup-plugin-css-only": "^3.1.0",
  		"rollup-plugin-svelte": "^7.1.0",
  		"rollup-plugin-terser": "^7.0.2",
  		"svelte": "^3.38.2",
  		"svelte-jester": "^1.7.0",
  		"svelte-loader": "^3.1.1",
  		"svelte-preprocess": "^4.7.3"
  	},
  	"dependencies": {
  		"autoprefixer": "^10.2.6",
  		"cssnano": "^5.0.6",
  		"postcss-import": "^14.0.2",
  		"tailwindcss": "^2.1.4"
  	},
  	"peerDependencies": {
  		"postcss": "^8.3.3"
  	}
  }

yarn manifest: 
  No manifest

Lockfile: 
  No lockfile

Trace: 
  Error: Found incompatible module
      at new MessageError (/usr/local/Cellar/yarn/1.5.1_1/libexec/lib/cli.js:186:110)
      at checkOne (/usr/local/Cellar/yarn/1.5.1_1/libexec/lib/cli.js:62444:11)
      at Object.check (/usr/local/Cellar/yarn/1.5.1_1/libexec/lib/cli.js:62463:5)
      at /usr/local/Cellar/yarn/1.5.1_1/libexec/lib/cli.js:22803:73
      at Generator.next (<anonymous>)
      at step (/usr/local/Cellar/yarn/1.5.1_1/libexec/lib/cli.js:98:30)
      at /usr/local/Cellar/yarn/1.5.1_1/libexec/lib/cli.js:109:13
